# JRE version: OpenJDK Runtime Environment (8.0_152-b02) (build 1.8.0_152-release-1024-b02)
# Java VM: OpenJDK 64-Bit Server VM (25.152-b02 mixed mode windows-amd64 compressed oops)
Heap:
 PSYoungGen      total 452096K, used 415850K [0x00000000e0000000, 0x00000000ff800000, 0x0000000100000000)
  eden space 400384K, 100% used [0x00000000e0000000,0x00000000f8700000,0x00000000f8700000)
  from space 51712K, 29% used [0x00000000fc580000,0x00000000fd49a9c8,0x00000000ff800000)
  to   space 57856K, 18% used [0x00000000f8700000,0x00000000f9168060,0x00000000fbf80000)
 ParOldGen       total 772608K, used 412969K [0x00000000a0000000, 0x00000000cf280000, 0x00000000e0000000)
  object space 772608K, 53% used [0x00000000a0000000,0x00000000b934a6e8,0x00000000cf280000)
 Metaspace       used 90092K, capacity 95774K, committed 99148K, reserved 1136640K
  class space    used 10985K, capacity 11985K, committed 12672K, reserved 1048576K
GC Heap History (10 events):
Event: 9503.006 GC heap after
Heap after GC invocations=56 (full 4):
 PSYoungGen      total 465408K, used 6192K [0x00000000e0000000, 0x00000000ffb80000, 0x0000000100000000)
  eden space 411136K, 0% used [0x00000000e0000000,0x00000000e0000000,0x00000000f9180000)
  from space 54272K, 11% used [0x00000000fc680000,0x00000000fcc8c090,0x00000000ffb80000)
  to   space 54272K, 0% used [0x00000000f9180000,0x00000000f9180000,0x00000000fc680000)
 ParOldGen       total 772608K, used 47928K [0x00000000a0000000, 0x00000000cf280000, 0x00000000e0000000)
  object space 772608K, 6% used [0x00000000a0000000,0x00000000a2ece388,0x00000000cf280000)
 Metaspace       used 89690K, capacity 95416K, committed 98892K, reserved 1136640K
  class space    used 10974K, capacity 11970K, committed 12672K, reserved 1048576K
}
Event: 9505.864 GC heap before
{Heap before GC invocations=57 (full 4):
 PSYoungGen      total 465408K, used 417155K [0x00000000e0000000, 0x00000000ffb80000, 0x0000000100000000)
  eden space 411136K, 99% used [0x00000000e0000000,0x00000000f9154f68,0x00000000f9180000)
  from space 54272K, 11% used [0x00000000fc680000,0x00000000fcc8c090,0x00000000ffb80000)
  to   space 54272K, 0% used [0x00000000f9180000,0x00000000f9180000,0x00000000fc680000)
 ParOldGen       total 772608K, used 47928K [0x00000000a0000000, 0x00000000cf280000, 0x00000000e0000000)
  object space 772608K, 6% used [0x00000000a0000000,0x00000000a2ece388,0x00000000cf280000)
 Metaspace       used 89723K, capacity 95422K, committed 98892K, reserved 1136640K
  class space    used 10975K, capacity 11971K, committed 12672K, reserved 1048576K
Event: 9505.874 GC heap after
Heap after GC invocations=57 (full 4):
 PSYoungGen      total 465408K, used 12449K [0x00000000e0000000, 0x00000000ffc00000, 0x0000000100000000)
  eden space 411136K, 0% used [0x00000000e0000000,0x00000000e0000000,0x00000000f9180000)
  from space 54272K, 22% used [0x00000000f9180000,0x00000000f9da8580,0x00000000fc680000)
  to   space 52224K, 0% used [0x00000000fc900000,0x00000000fc900000,0x00000000ffc00000)
 ParOldGen       total 772608K, used 47928K [0x00000000a0000000, 0x00000000cf280000, 0x00000000e0000000)
  object space 772608K, 6% used [0x00000000a0000000,0x00000000a2ece388,0x00000000cf280000)
 Metaspace       used 89723K, capacity 95422K, committed 98892K, reserved 1136640K
  class space    used 10975K, capacity 11971K, committed 12672K, reserved 1048576K
}
Event: 9507.436 GC heap before
{Heap before GC invocations=58 (full 4):
 PSYoungGen      total 465408K, used 423585K [0x00000000e0000000, 0x00000000ffc00000, 0x0000000100000000)
  eden space 411136K, 100% used [0x00000000e0000000,0x00000000f9180000,0x00000000f9180000)
  from space 54272K, 22% used [0x00000000f9180000,0x00000000f9da8580,0x00000000fc680000)
  to   space 52224K, 0% used [0x00000000fc900000,0x00000000fc900000,0x00000000ffc00000)
 ParOldGen       total 772608K, used 47928K [0x00000000a0000000, 0x00000000cf280000, 0x00000000e0000000)
  object space 772608K, 6% used [0x00000000a0000000,0x00000000a2ece388,0x00000000cf280000)
 Metaspace       used 89727K, capacity 95422K, committed 98892K, reserved 1136640K
  class space    used 10975K, capacity 11971K, committed 12672K, reserved 1048576K
Event: 9507.473 GC heap after
Heap after GC invocations=58 (full 4):
 PSYoungGen      total 448512K, used 52206K [0x00000000e0000000, 0x0000000100000000, 0x0000000100000000)
  eden space 396288K, 0% used [0x00000000e0000000,0x00000000e0000000,0x00000000f8300000)
  from space 52224K, 99% used [0x00000000fc900000,0x00000000ffbfb860,0x00000000ffc00000)
  to   space 64000K, 0% used [0x00000000f8300000,0x00000000f8300000,0x00000000fc180000)
 ParOldGen       total 772608K, used 55351K [0x00000000a0000000, 0x00000000cf280000, 0x00000000e0000000)
  object space 772608K, 7% used [0x00000000a0000000,0x00000000a360dfc0,0x00000000cf280000)
 Metaspace       used 89727K, capacity 95422K, committed 98892K, reserved 1136640K
  class space    used 10975K, capacity 11971K, committed 12672K, reserved 1048576K
}
Event: 9509.049 GC heap before
{Heap before GC invocations=59 (full 4):
 PSYoungGen      total 448512K, used 447943K [0x00000000e0000000, 0x0000000100000000, 0x0000000100000000)
  eden space 396288K, 99% used [0x00000000e0000000,0x00000000f8276400,0x00000000f8300000)
  from space 52224K, 99% used [0x00000000fc900000,0x00000000ffbfb860,0x00000000ffc00000)
  to   space 64000K, 0% used [0x00000000f8300000,0x00000000f8300000,0x00000000fc180000)
 ParOldGen       total 772608K, used 55351K [0x00000000a0000000, 0x00000000cf280000, 0x00000000e0000000)
  object space 772608K, 7% used [0x00000000a0000000,0x00000000a360dfc0,0x00000000cf280000)
 Metaspace       used 89748K, capacity 95486K, committed 98892K, reserved 1136640K
  class space    used 10975K, capacity 11971K, committed 12672K, reserved 1048576K
Event: 9509.063 GC heap after
Heap after GC invocations=59 (full 4):
 PSYoungGen      total 460288K, used 23007K [0x00000000e0000000, 0x0000000100000000, 0x0000000100000000)
  eden space 396288K, 0% used [0x00000000e0000000,0x00000000e0000000,0x00000000f8300000)
  from space 64000K, 35% used [0x00000000f8300000,0x00000000f9977c70,0x00000000fc180000)
  to   space 59904K, 0% used [0x00000000fc580000,0x00000000fc580000,0x0000000100000000)
 ParOldGen       total 772608K, used 55351K [0x00000000a0000000, 0x00000000cf280000, 0x00000000e0000000)
  object space 772608K, 7% used [0x00000000a0000000,0x00000000a360dfc0,0x00000000cf280000)
 Metaspace       used 89748K, capacity 95486K, committed 98892K, reserved 1136640K
  class space    used 10975K, capacity 11971K, committed 12672K, reserved 1048576K
}
Event: 9733.374 GC heap before
{Heap before GC invocations=60 (full 4):
 PSYoungGen      total 460288K, used 419295K [0x00000000e0000000, 0x0000000100000000, 0x0000000100000000)
  eden space 396288K, 100% used [0x00000000e0000000,0x00000000f8300000,0x00000000f8300000)
  from space 64000K, 35% used [0x00000000f8300000,0x00000000f9977c70,0x00000000fc180000)
  to   space 59904K, 0% used [0x00000000fc580000,0x00000000fc580000,0x0000000100000000)
 ParOldGen       total 772608K, used 55351K [0x00000000a0000000, 0x00000000cf280000, 0x00000000e0000000)
  object space 772608K, 7% used [0x00000000a0000000,0x00000000a360dfc0,0x00000000cf280000)
 Metaspace       used 89899K, capacity 95702K, committed 99148K, reserved 1136640K
  class space    used 10984K, capacity 11985K, committed 12672K, reserved 1048576K
Event: 9733.392 GC heap after
Heap after GC invocations=60 (full 4):
 PSYoungGen      total 452096K, used 15466K [0x00000000e0000000, 0x00000000ff800000, 0x0000000100000000)
  eden space 400384K, 0% used [0x00000000e0000000,0x00000000e0000000,0x00000000f8700000)
  from space 51712K, 29% used [0x00000000fc580000,0x00000000fd49a9c8,0x00000000ff800000)
  to   space 57856K, 0% used [0x00000000f8700000,0x00000000f8700000,0x00000000fbf80000)
 ParOldGen       total 772608K, used 58143K [0x00000000a0000000, 0x00000000cf280000, 0x00000000e0000000)
  object space 772608K, 7% used [0x00000000a0000000,0x00000000a38c7ea8,0x00000000cf280000)
 Metaspace       used 89899K, capacity 95702K, committed 99148K, reserved 1136640K
  class space    used 10984K, capacity 11985K, committed 12672K, reserved 1048576K
}
Event: 9985.015 GC heap before
{Heap before GC invocations=61 (full 4):
 PSYoungGen      total 452096K, used 415850K [0x00000000e0000000, 0x00000000ff800000, 0x0000000100000000)
  eden space 400384K, 100% used [0x00000000e0000000,0x00000000f8700000,0x00000000f8700000)
  from space 51712K, 29% used [0x00000000fc580000,0x00000000fd49a9c8,0x00000000ff800000)
  to   space 57856K, 0% used [0x00000000f8700000,0x00000000f8700000,0x00000000fbf80000)
 ParOldGen       total 772608K, used 58143K [0x00000000a0000000, 0x00000000cf280000, 0x00000000e0000000)
  object space 772608K, 7% used [0x00000000a0000000,0x00000000a38c7ea8,0x00000000cf280000)
 Metaspace       used 90092K, capacity 95774K, committed 99148K, reserved 1136640K
  class space    used 10985K, capacity 11985K, committed 12672K, reserved 1048576K

